<?xml version="1.0" encoding="UTF-8"?>
<!-- Generated by org.testng.reporters.JUnitReportReporter -->
<testsuite hostname="DellRajesh" failures="0" tests="1" name="pack01.DragAndDrop" time="12.099" errors="0" timestamp="2022-04-02T22:16:59 IST" skipped="0">
  <testcase classname="pack01.DragAndDrop" name="dragDrop" time="12.099"/>
  <system-out/>
</testsuite> <!-- pack01.DragAndDrop -->
